This file contains any messages produced by compilers while
running configure, to aid debugging if configure makes a mistake.

It was created by my-plugin-package configure 1.0.0, which was
generated by GNU Autoconf 2.69.  Invocation command line was

  $ ./configure --no-create --no-recursion

## --------- ##
## Platform. ##
## --------- ##

hostname = ingemar-Latitude-E6420
uname -m = x86_64
uname -r = 4.15.0-43-generic
uname -s = Linux
uname -v = #46-Ubuntu SMP Thu Dec 6 14:45:28 UTC 2018

/usr/bin/uname -p = unknown
/bin/uname -X     = unknown

/bin/arch              = unknown
/usr/bin/arch -k       = unknown
/usr/convex/getsysinfo = unknown
/usr/bin/hostinfo      = unknown
/bin/machine           = unknown
/usr/bin/oslevel       = unknown
/bin/universe          = unknown

PATH: /usr/local/sbin
PATH: /usr/local/bin
PATH: /usr/sbin
PATH: /usr/bin
PATH: /sbin
PATH: /bin
PATH: /usr/games
PATH: /usr/local/games
PATH: /snap/bin


## ----------- ##
## Core tests. ##
## ----------- ##

configure:2347: checking for a BSD-compatible install
configure:2415: result: /usr/bin/install -c
configure:2426: checking whether build environment is sane
configure:2481: result: yes
configure:2632: checking for a thread-safe mkdir -p
configure:2671: result: /bin/mkdir -p
configure:2678: checking for gawk
configure:2708: result: no
configure:2678: checking for mawk
configure:2694: found /usr/bin/mawk
configure:2705: result: mawk
configure:2716: checking whether make sets $(MAKE)
configure:2738: result: yes
configure:2767: checking whether make supports nested variables
configure:2784: result: yes
configure:2912: checking whether to enable maintainer-specific portions of Makefiles
configure:2921: result: yes
configure:2983: checking for gcc
configure:2999: found /usr/bin/gcc
configure:3010: result: gcc
configure:3239: checking for C compiler version
configure:3248: gcc --version >&5
gcc (Ubuntu 7.3.0-27ubuntu1~18.04) 7.3.0
Copyright (C) 2017 Free Software Foundation, Inc.
This is free software; see the source for copying conditions.  There is NO
warranty; not even for MERCHANTABILITY or FITNESS FOR A PARTICULAR PURPOSE.

configure:3259: $? = 0
configure:3248: gcc -v >&5
Using built-in specs.
COLLECT_GCC=gcc
COLLECT_LTO_WRAPPER=/usr/lib/gcc/x86_64-linux-gnu/7/lto-wrapper
OFFLOAD_TARGET_NAMES=nvptx-none
OFFLOAD_TARGET_DEFAULT=1
Target: x86_64-linux-gnu
Configured with: ../src/configure -v --with-pkgversion='Ubuntu 7.3.0-27ubuntu1~18.04' --with-bugurl=file:///usr/share/doc/gcc-7/README.Bugs --enable-languages=c,ada,c++,go,brig,d,fortran,objc,obj-c++ --prefix=/usr --with-gcc-major-version-only --program-suffix=-7 --program-prefix=x86_64-linux-gnu- --enable-shared --enable-linker-build-id --libexecdir=/usr/lib --without-included-gettext --enable-threads=posix --libdir=/usr/lib --enable-nls --with-sysroot=/ --enable-clocale=gnu --enable-libstdcxx-debug --enable-libstdcxx-time=yes --with-default-libstdcxx-abi=new --enable-gnu-unique-object --disable-vtable-verify --enable-libmpx --enable-plugin --enable-default-pie --with-system-zlib --with-target-system-zlib --enable-objc-gc=auto --enable-multiarch --disable-werror --with-arch-32=i686 --with-abi=m64 --with-multilib-list=m32,m64,mx32 --enable-multilib --with-tune=generic --enable-offload-targets=nvptx-none --without-cuda-driver --enable-checking=release --build=x86_64-linux-gnu --host=x86_64-linux-gnu --target=x86_64-linux-gnu
Thread model: posix
gcc version 7.3.0 (Ubuntu 7.3.0-27ubuntu1~18.04) 
configure:3259: $? = 0
configure:3248: gcc -V >&5
gcc: error: unrecognized command line option '-V'
gcc: fatal error: no input files
compilation terminated.
configure:3259: $? = 1
configure:3248: gcc -qversion >&5
gcc: error: unrecognized command line option '-qversion'; did you mean '--version'?
gcc: fatal error: no input files
compilation terminated.
configure:3259: $? = 1
configure:3279: checking whether the C compiler works
configure:3301: gcc    conftest.c  >&5
configure:3305: $? = 0
configure:3353: result: yes
configure:3356: checking for C compiler default output file name
configure:3358: result: a.out
configure:3364: checking for suffix of executables
configure:3371: gcc -o conftest    conftest.c  >&5
configure:3375: $? = 0
configure:3397: result: 
configure:3419: checking whether we are cross compiling
configure:3427: gcc -o conftest    conftest.c  >&5
configure:3431: $? = 0
configure:3438: ./conftest
configure:3442: $? = 0
configure:3457: result: no
configure:3462: checking for suffix of object files
configure:3484: gcc -c   conftest.c >&5
configure:3488: $? = 0
configure:3509: result: o
configure:3513: checking whether we are using the GNU C compiler
configure:3532: gcc -c   conftest.c >&5
configure:3532: $? = 0
configure:3541: result: yes
configure:3550: checking whether gcc accepts -g
configure:3570: gcc -c -g  conftest.c >&5
configure:3570: $? = 0
configure:3611: result: yes
configure:3628: checking for gcc option to accept ISO C89
configure:3691: gcc  -c -g -O2  conftest.c >&5
configure:3691: $? = 0
configure:3704: result: none needed
configure:3729: checking whether gcc understands -c and -o together
configure:3751: gcc -c conftest.c -o conftest2.o
configure:3754: $? = 0
configure:3751: gcc -c conftest.c -o conftest2.o
configure:3754: $? = 0
configure:3766: result: yes
configure:3794: checking for style of include used by make
configure:3822: result: GNU
configure:3848: checking dependency style of gcc
configure:3959: result: gcc3
configure:4033: checking for g++
configure:4049: found /usr/bin/g++
configure:4060: result: g++
configure:4087: checking for C++ compiler version
configure:4096: g++ --version >&5
g++ (Ubuntu 7.3.0-27ubuntu1~18.04) 7.3.0
Copyright (C) 2017 Free Software Foundation, Inc.
This is free software; see the source for copying conditions.  There is NO
warranty; not even for MERCHANTABILITY or FITNESS FOR A PARTICULAR PURPOSE.

configure:4107: $? = 0
configure:4096: g++ -v >&5
Using built-in specs.
COLLECT_GCC=g++
COLLECT_LTO_WRAPPER=/usr/lib/gcc/x86_64-linux-gnu/7/lto-wrapper
OFFLOAD_TARGET_NAMES=nvptx-none
OFFLOAD_TARGET_DEFAULT=1
Target: x86_64-linux-gnu
Configured with: ../src/configure -v --with-pkgversion='Ubuntu 7.3.0-27ubuntu1~18.04' --with-bugurl=file:///usr/share/doc/gcc-7/README.Bugs --enable-languages=c,ada,c++,go,brig,d,fortran,objc,obj-c++ --prefix=/usr --with-gcc-major-version-only --program-suffix=-7 --program-prefix=x86_64-linux-gnu- --enable-shared --enable-linker-build-id --libexecdir=/usr/lib --without-included-gettext --enable-threads=posix --libdir=/usr/lib --enable-nls --with-sysroot=/ --enable-clocale=gnu --enable-libstdcxx-debug --enable-libstdcxx-time=yes --with-default-libstdcxx-abi=new --enable-gnu-unique-object --disable-vtable-verify --enable-libmpx --enable-plugin --enable-default-pie --with-system-zlib --with-target-system-zlib --enable-objc-gc=auto --enable-multiarch --disable-werror --with-arch-32=i686 --with-abi=m64 --with-multilib-list=m32,m64,mx32 --enable-multilib --with-tune=generic --enable-offload-targets=nvptx-none --without-cuda-driver --enable-checking=release --build=x86_64-linux-gnu --host=x86_64-linux-gnu --target=x86_64-linux-gnu
Thread model: posix
gcc version 7.3.0 (Ubuntu 7.3.0-27ubuntu1~18.04) 
configure:4107: $? = 0
configure:4096: g++ -V >&5
g++: error: unrecognized command line option '-V'
g++: fatal error: no input files
compilation terminated.
configure:4107: $? = 1
configure:4096: g++ -qversion >&5
g++: error: unrecognized command line option '-qversion'; did you mean '--version'?
g++: fatal error: no input files
compilation terminated.
configure:4107: $? = 1
configure:4111: checking whether we are using the GNU C++ compiler
configure:4130: g++ -c   conftest.cpp >&5
configure:4130: $? = 0
configure:4139: result: yes
configure:4148: checking whether g++ accepts -g
configure:4168: g++ -c -g  conftest.cpp >&5
configure:4168: $? = 0
configure:4209: result: yes
configure:4234: checking dependency style of g++
configure:4345: result: gcc3
configure:4390: checking build system type
configure:4404: result: x86_64-pc-linux-gnu
configure:4424: checking host system type
configure:4437: result: x86_64-pc-linux-gnu
configure:4478: checking how to print strings
configure:4505: result: printf
configure:4526: checking for a sed that does not truncate output
configure:4590: result: /bin/sed
configure:4608: checking for grep that handles long lines and -e
configure:4666: result: /bin/grep
configure:4671: checking for egrep
configure:4733: result: /bin/grep -E
configure:4738: checking for fgrep
configure:4800: result: /bin/grep -F
configure:4835: checking for ld used by gcc
configure:4902: result: /usr/bin/ld
configure:4909: checking if the linker (/usr/bin/ld) is GNU ld
configure:4924: result: yes
configure:4936: checking for BSD- or MS-compatible name lister (nm)
configure:4990: result: /usr/bin/nm -B
configure:5120: checking the name lister (/usr/bin/nm -B) interface
configure:5127: gcc -c -g -O2  conftest.c >&5
configure:5130: /usr/bin/nm -B "conftest.o"
configure:5133: output
0000000000000000 B some_variable
configure:5140: result: BSD nm
configure:5143: checking whether ln -s works
configure:5147: result: yes
configure:5155: checking the maximum length of command line arguments
configure:5286: result: 1572864
configure:5334: checking how to convert x86_64-pc-linux-gnu file names to x86_64-pc-linux-gnu format
configure:5374: result: func_convert_file_noop
configure:5381: checking how to convert x86_64-pc-linux-gnu file names to toolchain format
configure:5401: result: func_convert_file_noop
configure:5408: checking for /usr/bin/ld option to reload object files
configure:5415: result: -r
configure:5489: checking for objdump
configure:5505: found /usr/bin/objdump
configure:5516: result: objdump
configure:5548: checking how to recognize dependent libraries
configure:5748: result: pass_all
configure:5833: checking for dlltool
configure:5863: result: no
configure:5893: checking how to associate runtime and link libraries
configure:5920: result: printf %s\n
configure:5981: checking for ar
configure:5997: found /usr/bin/ar
configure:6008: result: ar
configure:6045: checking for archiver @FILE support
configure:6062: gcc -c -g -O2  conftest.c >&5
configure:6062: $? = 0
configure:6065: ar cru libconftest.a @conftest.lst >&5
ar: `u' modifier ignored since `D' is the default (see `U')
configure:6068: $? = 0
configure:6073: ar cru libconftest.a @conftest.lst >&5
ar: `u' modifier ignored since `D' is the default (see `U')
ar: conftest.o: No such file or directory
configure:6076: $? = 1
configure:6088: result: @
configure:6146: checking for strip
configure:6162: found /usr/bin/strip
configure:6173: result: strip
configure:6245: checking for ranlib
configure:6261: found /usr/bin/ranlib
configure:6272: result: ranlib
configure:6374: checking command to parse /usr/bin/nm -B output from gcc object
configure:6527: gcc -c -g -O2  conftest.c >&5
configure:6530: $? = 0
configure:6534: /usr/bin/nm -B conftest.o \| sed -n -e 's/^.*[ ]\([ABCDGIRSTW][ABCDGIRSTW]*\)[ ][ ]*\([_A-Za-z][_A-Za-z0-9]*\)$/\1 \2 \2/p' | sed '/ __gnu_lto/d' \> conftest.nm
configure:6537: $? = 0
configure:6603: gcc -o conftest -g -O2   conftest.c conftstm.o >&5
configure:6606: $? = 0
configure:6644: result: ok
configure:6691: checking for sysroot
configure:6721: result: no
configure:6728: checking for a working dd
configure:6766: result: /bin/dd
configure:6770: checking how to truncate binary pipes
configure:6785: result: /bin/dd bs=4096 count=1
configure:6921: gcc -c -g -O2  conftest.c >&5
configure:6924: $? = 0
configure:7114: checking for mt
configure:7130: found /bin/mt
configure:7141: result: mt
configure:7164: checking if mt is a manifest tool
configure:7170: mt '-?'
configure:7178: result: no
configure:7855: checking how to run the C preprocessor
configure:7886: gcc -E  conftest.c
configure:7886: $? = 0
configure:7900: gcc -E  conftest.c
conftest.c:11:10: fatal error: ac_nonexistent.h: No such file or directory
 #include <ac_nonexistent.h>
          ^~~~~~~~~~~~~~~~~~
compilation terminated.
configure:7900: $? = 1
configure: failed program was:
| /* confdefs.h */
| #define PACKAGE_NAME "my-plugin-package"
| #define PACKAGE_TARNAME "my-plugin-package"
| #define PACKAGE_VERSION "1.0.0"
| #define PACKAGE_STRING "my-plugin-package 1.0.0"
| #define PACKAGE_BUGREPORT ""
| #define PACKAGE_URL ""
| #define PACKAGE "my-plugin-package"
| #define VERSION "1.0.0"
| /* end confdefs.h.  */
| #include <ac_nonexistent.h>
configure:7925: result: gcc -E
configure:7945: gcc -E  conftest.c
configure:7945: $? = 0
configure:7959: gcc -E  conftest.c
conftest.c:11:10: fatal error: ac_nonexistent.h: No such file or directory
 #include <ac_nonexistent.h>
          ^~~~~~~~~~~~~~~~~~
compilation terminated.
configure:7959: $? = 1
configure: failed program was:
| /* confdefs.h */
| #define PACKAGE_NAME "my-plugin-package"
| #define PACKAGE_TARNAME "my-plugin-package"
| #define PACKAGE_VERSION "1.0.0"
| #define PACKAGE_STRING "my-plugin-package 1.0.0"
| #define PACKAGE_BUGREPORT ""
| #define PACKAGE_URL ""
| #define PACKAGE "my-plugin-package"
| #define VERSION "1.0.0"
| /* end confdefs.h.  */
| #include <ac_nonexistent.h>
configure:7988: checking for ANSI C header files
configure:8008: gcc -c -g -O2  conftest.c >&5
configure:8008: $? = 0
configure:8081: gcc -o conftest -g -O2   conftest.c  >&5
configure:8081: $? = 0
configure:8081: ./conftest
configure:8081: $? = 0
configure:8092: result: yes
configure:8105: checking for sys/types.h
configure:8105: gcc -c -g -O2  conftest.c >&5
configure:8105: $? = 0
configure:8105: result: yes
configure:8105: checking for sys/stat.h
configure:8105: gcc -c -g -O2  conftest.c >&5
configure:8105: $? = 0
configure:8105: result: yes
configure:8105: checking for stdlib.h
configure:8105: gcc -c -g -O2  conftest.c >&5
configure:8105: $? = 0
configure:8105: result: yes
configure:8105: checking for string.h
configure:8105: gcc -c -g -O2  conftest.c >&5
configure:8105: $? = 0
configure:8105: result: yes
configure:8105: checking for memory.h
configure:8105: gcc -c -g -O2  conftest.c >&5
configure:8105: $? = 0
configure:8105: result: yes
configure:8105: checking for strings.h
configure:8105: gcc -c -g -O2  conftest.c >&5
configure:8105: $? = 0
configure:8105: result: yes
configure:8105: checking for inttypes.h
configure:8105: gcc -c -g -O2  conftest.c >&5
configure:8105: $? = 0
configure:8105: result: yes
configure:8105: checking for stdint.h
configure:8105: gcc -c -g -O2  conftest.c >&5
configure:8105: $? = 0
configure:8105: result: yes
configure:8105: checking for unistd.h
configure:8105: gcc -c -g -O2  conftest.c >&5
configure:8105: $? = 0
configure:8105: result: yes
configure:8119: checking for dlfcn.h
configure:8119: gcc -c -g -O2  conftest.c >&5
configure:8119: $? = 0
configure:8119: result: yes
configure:8386: checking for objdir
configure:8401: result: .libs
configure:8661: checking if gcc supports -fno-rtti -fno-exceptions
configure:8679: gcc -c -g -O2  -fno-rtti -fno-exceptions conftest.c >&5
cc1: warning: command line option '-fno-rtti' is valid for C++/ObjC++ but not for C
configure:8683: $? = 0
configure:8696: result: no
configure:9054: checking for gcc option to produce PIC
configure:9061: result: -fPIC -DPIC
configure:9069: checking if gcc PIC flag -fPIC -DPIC works
configure:9087: gcc -c -g -O2  -fPIC -DPIC -DPIC conftest.c >&5
configure:9091: $? = 0
configure:9104: result: yes
configure:9133: checking if gcc static flag -static works
configure:9161: result: yes
configure:9176: checking if gcc supports -c -o file.o
configure:9197: gcc -c -g -O2  -o out/conftest2.o conftest.c >&5
configure:9201: $? = 0
configure:9223: result: yes
configure:9231: checking if gcc supports -c -o file.o
configure:9278: result: yes
configure:9311: checking whether the gcc linker (/usr/bin/ld -m elf_x86_64) supports shared libraries
configure:10574: result: yes
configure:10611: checking whether -lc should be explicitly linked in
configure:10619: gcc -c -g -O2  conftest.c >&5
configure:10622: $? = 0
configure:10637: gcc -shared  -fPIC -DPIC conftest.o  -v -Wl,-soname -Wl,conftest -o conftest 2\>\&1 \| /bin/grep  -lc  \>/dev/null 2\>\&1
configure:10640: $? = 0
configure:10654: result: no
configure:10814: checking dynamic linker characteristics
configure:11395: gcc -o conftest -g -O2   -Wl,-rpath -Wl,/foo conftest.c  >&5
configure:11395: $? = 0
configure:11644: result: GNU/Linux ld.so
configure:11766: checking how to hardcode library paths into programs
configure:11791: result: immediate
configure:12339: checking whether stripping libraries is possible
configure:12344: result: yes
configure:12379: checking if libtool supports shared libraries
configure:12381: result: yes
configure:12384: checking whether to build shared libraries
configure:12409: result: yes
configure:12412: checking whether to build static libraries
configure:12416: result: yes
configure:12439: checking how to run the C++ preprocessor
configure:12466: g++ -E  conftest.cpp
configure:12466: $? = 0
configure:12480: g++ -E  conftest.cpp
conftest.cpp:23:10: fatal error: ac_nonexistent.h: No such file or directory
 #include <ac_nonexistent.h>
          ^~~~~~~~~~~~~~~~~~
compilation terminated.
configure:12480: $? = 1
configure: failed program was:
| /* confdefs.h */
| #define PACKAGE_NAME "my-plugin-package"
| #define PACKAGE_TARNAME "my-plugin-package"
| #define PACKAGE_VERSION "1.0.0"
| #define PACKAGE_STRING "my-plugin-package 1.0.0"
| #define PACKAGE_BUGREPORT ""
| #define PACKAGE_URL ""
| #define PACKAGE "my-plugin-package"
| #define VERSION "1.0.0"
| #define STDC_HEADERS 1
| #define HAVE_SYS_TYPES_H 1
| #define HAVE_SYS_STAT_H 1
| #define HAVE_STDLIB_H 1
| #define HAVE_STRING_H 1
| #define HAVE_MEMORY_H 1
| #define HAVE_STRINGS_H 1
| #define HAVE_INTTYPES_H 1
| #define HAVE_STDINT_H 1
| #define HAVE_UNISTD_H 1
| #define HAVE_DLFCN_H 1
| #define LT_OBJDIR ".libs/"
| /* end confdefs.h.  */
| #include <ac_nonexistent.h>
configure:12505: result: g++ -E
configure:12525: g++ -E  conftest.cpp
configure:12525: $? = 0
configure:12539: g++ -E  conftest.cpp
conftest.cpp:23:10: fatal error: ac_nonexistent.h: No such file or directory
 #include <ac_nonexistent.h>
          ^~~~~~~~~~~~~~~~~~
compilation terminated.
configure:12539: $? = 1
configure: failed program was:
| /* confdefs.h */
| #define PACKAGE_NAME "my-plugin-package"
| #define PACKAGE_TARNAME "my-plugin-package"
| #define PACKAGE_VERSION "1.0.0"
| #define PACKAGE_STRING "my-plugin-package 1.0.0"
| #define PACKAGE_BUGREPORT ""
| #define PACKAGE_URL ""
| #define PACKAGE "my-plugin-package"
| #define VERSION "1.0.0"
| #define STDC_HEADERS 1
| #define HAVE_SYS_TYPES_H 1
| #define HAVE_SYS_STAT_H 1
| #define HAVE_STDLIB_H 1
| #define HAVE_STRING_H 1
| #define HAVE_MEMORY_H 1
| #define HAVE_STRINGS_H 1
| #define HAVE_INTTYPES_H 1
| #define HAVE_STDINT_H 1
| #define HAVE_UNISTD_H 1
| #define HAVE_DLFCN_H 1
| #define LT_OBJDIR ".libs/"
| /* end confdefs.h.  */
| #include <ac_nonexistent.h>
configure:12701: checking for ld used by g++
configure:12768: result: /usr/bin/ld -m elf_x86_64
configure:12775: checking if the linker (/usr/bin/ld -m elf_x86_64) is GNU ld
configure:12790: result: yes
configure:12845: checking whether the g++ linker (/usr/bin/ld -m elf_x86_64) supports shared libraries
configure:13918: result: yes
configure:13954: g++ -c -g -O2  conftest.cpp >&5
configure:13957: $? = 0
configure:14438: checking for g++ option to produce PIC
configure:14445: result: -fPIC -DPIC
configure:14453: checking if g++ PIC flag -fPIC -DPIC works
configure:14471: g++ -c -g -O2  -fPIC -DPIC -DPIC conftest.cpp >&5
configure:14475: $? = 0
configure:14488: result: yes
configure:14511: checking if g++ static flag -static works
configure:14539: result: yes
configure:14551: checking if g++ supports -c -o file.o
configure:14572: g++ -c -g -O2  -o out/conftest2.o conftest.cpp >&5
configure:14576: $? = 0
configure:14598: result: yes
configure:14603: checking if g++ supports -c -o file.o
configure:14650: result: yes
configure:14680: checking whether the g++ linker (/usr/bin/ld -m elf_x86_64) supports shared libraries
configure:14723: result: yes
configure:14864: checking dynamic linker characteristics
configure:15621: result: GNU/Linux ld.so
configure:15686: checking how to hardcode library paths into programs
configure:15711: result: immediate
configure:15775: checking for pkg-config
configure:15791: found /usr/bin/pkg-config
configure:15805: result:  
configure:15868: checking for pkg-config
configure:15886: found /usr/bin/pkg-config
configure:15898: result: /usr/bin/pkg-config
configure:15923: checking pkg-config is at least version 0.9.0
configure:15926: result: yes
configure:15936: checking for GST
configure:15949: $PKG_CONFIG --exists --print-errors "
  gstreamer-1.0 >= $GST_REQUIRED
  gstreamer-base-1.0 >= $GST_REQUIRED
  gstreamer-controller-1.0 >= $GST_REQUIRED
  gstreamer-audio-1.0 >= $GST_REQUIRED
  gstreamer-rtp-1.0 >= $GST_REQUIRED
"
configure:15958: $? = 0
configure:15984: $PKG_CONFIG --exists --print-errors "
  gstreamer-1.0 >= $GST_REQUIRED
  gstreamer-base-1.0 >= $GST_REQUIRED
  gstreamer-controller-1.0 >= $GST_REQUIRED
  gstreamer-audio-1.0 >= $GST_REQUIRED
  gstreamer-rtp-1.0 >= $GST_REQUIRED
"
configure:15993: $? = 0
configure:16065: result: yes
configure:16073: checking to see if compiler understands -Wall
configure:16088: gcc -c -g -O2 -Wall  conftest.c >&5
configure:16088: $? = 0
configure:16091: result: yes
configure:16223: checking that generated files are newer than configure
configure:16229: result: done
configure:16260: creating ./config.status

## ---------------- ##
## Cache variables. ##
## ---------------- ##

ac_cv_build=x86_64-pc-linux-gnu
ac_cv_c_compiler_gnu=yes
ac_cv_cxx_compiler_gnu=yes
ac_cv_env_CCC_set=
ac_cv_env_CCC_value=
ac_cv_env_CC_set=
ac_cv_env_CC_value=
ac_cv_env_CFLAGS_set=
ac_cv_env_CFLAGS_value=
ac_cv_env_CPPFLAGS_set=
ac_cv_env_CPPFLAGS_value=
ac_cv_env_CPP_set=
ac_cv_env_CPP_value=
ac_cv_env_CXXCPP_set=
ac_cv_env_CXXCPP_value=
ac_cv_env_CXXFLAGS_set=
ac_cv_env_CXXFLAGS_value=
ac_cv_env_CXX_set=
ac_cv_env_CXX_value=
ac_cv_env_GST_CFLAGS_set=
ac_cv_env_GST_CFLAGS_value=
ac_cv_env_GST_LIBS_set=
ac_cv_env_GST_LIBS_value=
ac_cv_env_LDFLAGS_set=
ac_cv_env_LDFLAGS_value=
ac_cv_env_LIBS_set=
ac_cv_env_LIBS_value=
ac_cv_env_LT_SYS_LIBRARY_PATH_set=
ac_cv_env_LT_SYS_LIBRARY_PATH_value=
ac_cv_env_PKG_CONFIG_LIBDIR_set=
ac_cv_env_PKG_CONFIG_LIBDIR_value=
ac_cv_env_PKG_CONFIG_PATH_set=
ac_cv_env_PKG_CONFIG_PATH_value=
ac_cv_env_PKG_CONFIG_set=
ac_cv_env_PKG_CONFIG_value=
ac_cv_env_build_alias_set=
ac_cv_env_build_alias_value=
ac_cv_env_host_alias_set=
ac_cv_env_host_alias_value=
ac_cv_env_target_alias_set=
ac_cv_env_target_alias_value=
ac_cv_header_dlfcn_h=yes
ac_cv_header_inttypes_h=yes
ac_cv_header_memory_h=yes
ac_cv_header_stdc=yes
ac_cv_header_stdint_h=yes
ac_cv_header_stdlib_h=yes
ac_cv_header_string_h=yes
ac_cv_header_strings_h=yes
ac_cv_header_sys_stat_h=yes
ac_cv_header_sys_types_h=yes
ac_cv_header_unistd_h=yes
ac_cv_host=x86_64-pc-linux-gnu
ac_cv_objext=o
ac_cv_path_EGREP='/bin/grep -E'
ac_cv_path_FGREP='/bin/grep -F'
ac_cv_path_GREP=/bin/grep
ac_cv_path_SED=/bin/sed
ac_cv_path_ac_pt_PKG_CONFIG=/usr/bin/pkg-config
ac_cv_path_install='/usr/bin/install -c'
ac_cv_path_lt_DD=/bin/dd
ac_cv_path_mkdir=/bin/mkdir
ac_cv_prog_AWK=mawk
ac_cv_prog_CPP='gcc -E'
ac_cv_prog_CXXCPP='g++ -E'
ac_cv_prog_HAVE_PKGCONFIG=' '
ac_cv_prog_ac_ct_AR=ar
ac_cv_prog_ac_ct_CC=gcc
ac_cv_prog_ac_ct_CXX=g++
ac_cv_prog_ac_ct_MANIFEST_TOOL=mt
ac_cv_prog_ac_ct_OBJDUMP=objdump
ac_cv_prog_ac_ct_RANLIB=ranlib
ac_cv_prog_ac_ct_STRIP=strip
ac_cv_prog_cc_c89=
ac_cv_prog_cc_g=yes
ac_cv_prog_cxx_g=yes
ac_cv_prog_make_make_set=yes
am_cv_CC_dependencies_compiler_type=gcc3
am_cv_CXX_dependencies_compiler_type=gcc3
am_cv_make_support_nested_variables=yes
am_cv_prog_cc_c_o=yes
lt_cv_ar_at_file=@
lt_cv_archive_cmds_need_lc=no
lt_cv_deplibs_check_method=pass_all
lt_cv_file_magic_cmd='$MAGIC_CMD'
lt_cv_file_magic_test_file=
lt_cv_ld_reload_flag=-r
lt_cv_nm_interface='BSD nm'
lt_cv_objdir=.libs
lt_cv_path_LD=/usr/bin/ld
lt_cv_path_LDCXX='/usr/bin/ld -m elf_x86_64'
lt_cv_path_NM='/usr/bin/nm -B'
lt_cv_path_mainfest_tool=no
lt_cv_prog_compiler_c_o=yes
lt_cv_prog_compiler_c_o_CXX=yes
lt_cv_prog_compiler_pic='-fPIC -DPIC'
lt_cv_prog_compiler_pic_CXX='-fPIC -DPIC'
lt_cv_prog_compiler_pic_works=yes
lt_cv_prog_compiler_pic_works_CXX=yes
lt_cv_prog_compiler_rtti_exceptions=no
lt_cv_prog_compiler_static_works=yes
lt_cv_prog_compiler_static_works_CXX=yes
lt_cv_prog_gnu_ld=yes
lt_cv_prog_gnu_ldcxx=yes
lt_cv_sharedlib_from_linklib_cmd='printf %s\n'
lt_cv_shlibpath_overrides_runpath=yes
lt_cv_sys_global_symbol_pipe='sed -n -e '\''s/^.*[	 ]\([ABCDGIRSTW][ABCDGIRSTW]*\)[	 ][	 ]*\([_A-Za-z][_A-Za-z0-9]*\)$/\1 \2 \2/p'\'' | sed '\''/ __gnu_lto/d'\'''
lt_cv_sys_global_symbol_to_c_name_address='sed -n -e '\''s/^: \(.*\) .*$/  {"\1", (void *) 0},/p'\'' -e '\''s/^[ABCDGIRSTW][ABCDGIRSTW]* .* \(.*\)$/  {"\1", (void *) \&\1},/p'\'''
lt_cv_sys_global_symbol_to_c_name_address_lib_prefix='sed -n -e '\''s/^: \(.*\) .*$/  {"\1", (void *) 0},/p'\'' -e '\''s/^[ABCDGIRSTW][ABCDGIRSTW]* .* \(lib.*\)$/  {"\1", (void *) \&\1},/p'\'' -e '\''s/^[ABCDGIRSTW][ABCDGIRSTW]* .* \(.*\)$/  {"lib\1", (void *) \&\1},/p'\'''
lt_cv_sys_global_symbol_to_cdecl='sed -n -e '\''s/^T .* \(.*\)$/extern int \1();/p'\'' -e '\''s/^[ABCDGIRSTW][ABCDGIRSTW]* .* \(.*\)$/extern char \1;/p'\'''
lt_cv_sys_global_symbol_to_import=
lt_cv_sys_max_cmd_len=1572864
lt_cv_to_host_file_cmd=func_convert_file_noop
lt_cv_to_tool_file_cmd=func_convert_file_noop
lt_cv_truncate_bin='/bin/dd bs=4096 count=1'
pkg_cv_GST_CFLAGS='-pthread -I/usr/include/gstreamer-1.0 -I/usr/include/orc-0.4 -I/usr/include/gstreamer-1.0 -I/usr/include/glib-2.0 -I/usr/lib/x86_64-linux-gnu/glib-2.0/include'
pkg_cv_GST_LIBS='-lgstcontroller-1.0 -lgstaudio-1.0 -lgstrtp-1.0 -lgstbase-1.0 -lgstreamer-1.0 -lgobject-2.0 -lglib-2.0'

## ----------------- ##
## Output variables. ##
## ----------------- ##

ACLOCAL='${SHELL} /home/ingemar/gst/gscream/gst-gscreamrx/gst-plugin/missing aclocal-1.15'
AMDEPBACKSLASH='\'
AMDEP_FALSE='#'
AMDEP_TRUE=''
AMTAR='$${TAR-tar}'
AM_BACKSLASH='\'
AM_DEFAULT_V='$(AM_DEFAULT_VERBOSITY)'
AM_DEFAULT_VERBOSITY='1'
AM_V='$(V)'
AR='ar'
AUTOCONF='${SHELL} /home/ingemar/gst/gscream/gst-gscreamrx/gst-plugin/missing autoconf'
AUTOHEADER='${SHELL} /home/ingemar/gst/gscream/gst-gscreamrx/gst-plugin/missing autoheader'
AUTOMAKE='${SHELL} /home/ingemar/gst/gscream/gst-gscreamrx/gst-plugin/missing automake-1.15'
AWK='mawk'
CC='gcc'
CCDEPMODE='depmode=gcc3'
CFLAGS='-g -O2 -Wall'
CPP='gcc -E'
CPPFLAGS=''
CXX='g++'
CXXCPP='g++ -E'
CXXDEPMODE='depmode=gcc3'
CXXFLAGS='-g -O2'
CYGPATH_W='echo'
DEFS='-DHAVE_CONFIG_H'
DEPDIR='.deps'
DLLTOOL='false'
DSYMUTIL=''
DUMPBIN=''
ECHO_C=''
ECHO_N='-n'
ECHO_T=''
EGREP='/bin/grep -E'
EXEEXT=''
FGREP='/bin/grep -F'
GREP='/bin/grep'
GST_CFLAGS='-pthread -I/usr/include/gstreamer-1.0 -I/usr/include/orc-0.4 -I/usr/include/gstreamer-1.0 -I/usr/include/glib-2.0 -I/usr/lib/x86_64-linux-gnu/glib-2.0/include -Wall'
GST_LIBS='-lgstcontroller-1.0 -lgstaudio-1.0 -lgstrtp-1.0 -lgstbase-1.0 -lgstreamer-1.0 -lgobject-2.0 -lglib-2.0'
GST_PLUGIN_LDFLAGS='-module -avoid-version -export-symbols-regex _*\(gst_\|Gst\|GST_\).*'
HAVE_PKGCONFIG=' '
INSTALL_DATA='${INSTALL} -m 644'
INSTALL_PROGRAM='${INSTALL}'
INSTALL_SCRIPT='${INSTALL}'
INSTALL_STRIP_PROGRAM='$(install_sh) -c -s'
LD='/usr/bin/ld -m elf_x86_64'
LDFLAGS=''
LIBOBJS=''
LIBS=''
LIBTOOL='$(SHELL) $(top_builddir)/libtool'
LIPO=''
LN_S='ln -s'
LTLIBOBJS=''
LT_SYS_LIBRARY_PATH=''
MAINT=''
MAINTAINER_MODE_FALSE='#'
MAINTAINER_MODE_TRUE=''
MAKEINFO='${SHELL} /home/ingemar/gst/gscream/gst-gscreamrx/gst-plugin/missing makeinfo'
MANIFEST_TOOL=':'
MKDIR_P='/bin/mkdir -p'
NM='/usr/bin/nm -B'
NMEDIT=''
OBJDUMP='objdump'
OBJEXT='o'
OTOOL64=''
OTOOL=''
PACKAGE='my-plugin-package'
PACKAGE_BUGREPORT=''
PACKAGE_NAME='my-plugin-package'
PACKAGE_STRING='my-plugin-package 1.0.0'
PACKAGE_TARNAME='my-plugin-package'
PACKAGE_URL=''
PACKAGE_VERSION='1.0.0'
PATH_SEPARATOR=':'
PKG_CONFIG='/usr/bin/pkg-config'
PKG_CONFIG_LIBDIR=''
PKG_CONFIG_PATH=''
RANLIB='ranlib'
SED='/bin/sed'
SET_MAKE=''
SHELL='/bin/bash'
STRIP='strip'
VERSION='1.0.0'
ac_ct_AR='ar'
ac_ct_CC='gcc'
ac_ct_CXX='g++'
ac_ct_DUMPBIN=''
am__EXEEXT_FALSE=''
am__EXEEXT_TRUE='#'
am__fastdepCC_FALSE='#'
am__fastdepCC_TRUE=''
am__fastdepCXX_FALSE='#'
am__fastdepCXX_TRUE=''
am__include='include'
am__isrc=''
am__leading_dot='.'
am__nodep='_no'
am__quote=''
am__tar='$${TAR-tar} chof - "$$tardir"'
am__untar='$${TAR-tar} xf -'
bindir='${exec_prefix}/bin'
build='x86_64-pc-linux-gnu'
build_alias=''
build_cpu='x86_64'
build_os='linux-gnu'
build_vendor='pc'
datadir='${datarootdir}'
datarootdir='${prefix}/share'
docdir='${datarootdir}/doc/${PACKAGE_TARNAME}'
dvidir='${docdir}'
exec_prefix='${prefix}'
host='x86_64-pc-linux-gnu'
host_alias=''
host_cpu='x86_64'
host_os='linux-gnu'
host_vendor='pc'
htmldir='${docdir}'
includedir='${prefix}/include'
infodir='${datarootdir}/info'
install_sh='${SHELL} /home/ingemar/gst/gscream/gst-gscreamrx/gst-plugin/install-sh'
libdir='${exec_prefix}/lib'
libexecdir='${exec_prefix}/libexec'
localedir='${datarootdir}/locale'
localstatedir='${prefix}/var'
mandir='${datarootdir}/man'
mkdir_p='$(MKDIR_P)'
oldincludedir='/usr/include'
pdfdir='${docdir}'
plugindir='$(libdir)/gstreamer-1.0'
prefix='/usr/local'
program_transform_name='s,x,x,'
psdir='${docdir}'
runstatedir='${localstatedir}/run'
sbindir='${exec_prefix}/sbin'
sharedstatedir='${prefix}/com'
sysconfdir='${prefix}/etc'
target_alias=''

## ----------- ##
## confdefs.h. ##
## ----------- ##

/* confdefs.h */
#define PACKAGE_NAME "my-plugin-package"
#define PACKAGE_TARNAME "my-plugin-package"
#define PACKAGE_VERSION "1.0.0"
#define PACKAGE_STRING "my-plugin-package 1.0.0"
#define PACKAGE_BUGREPORT ""
#define PACKAGE_URL ""
#define PACKAGE "my-plugin-package"
#define VERSION "1.0.0"
#define STDC_HEADERS 1
#define HAVE_SYS_TYPES_H 1
#define HAVE_SYS_STAT_H 1
#define HAVE_STDLIB_H 1
#define HAVE_STRING_H 1
#define HAVE_MEMORY_H 1
#define HAVE_STRINGS_H 1
#define HAVE_INTTYPES_H 1
#define HAVE_STDINT_H 1
#define HAVE_UNISTD_H 1
#define HAVE_DLFCN_H 1
#define LT_OBJDIR ".libs/"

configure: exit 0

## ---------------------- ##
## Running config.status. ##
## ---------------------- ##

This file was extended by my-plugin-package config.status 1.0.0, which was
generated by GNU Autoconf 2.69.  Invocation command line was

  CONFIG_FILES    = 
  CONFIG_HEADERS  = 
  CONFIG_LINKS    = 
  CONFIG_COMMANDS = 
  $ ./config.status 

on ingemar-Latitude-E6420

config.status:1160: creating Makefile
config.status:1160: creating src/Makefile
config.status:1160: creating config.h
config.status:1341: config.h is unchanged
config.status:1389: executing depfiles commands
config.status:1389: executing libtool commands
